\BOOKMARK [0][-]{chapter*.3}{\376\377\000I\000n\000t\000r\000o\000d\000u\000c\000t\000i\000o\000n}{}% 1
\BOOKMARK [0][-]{chapter.1}{\376\377\000M\000o\000d\000e\000l\000\040\000D\000r\000i\000v\000e\000n\000\040\000E\000n\000g\000i\000n\000e\000e\000r\000i\000n\000g\000:\000\040\000a\000\040\000m\000o\000d\000e\000l\000\040\000m\000o\000d\000e\000l\000i\000n\000g\000\040\000m\000o\000d\000e\000l\000i\000n\000g}{}% 2
\BOOKMARK [1][-]{section.1.1}{\376\377\000T\000h\000e\000\040\000U\000n\000i\000f\000i\000e\000d\000\040\000M\000o\000d\000e\000l\000i\000n\000g\000\040\000L\000a\000n\000g\000u\000a\000g\000e}{chapter.1}% 3
\BOOKMARK [2][-]{subsection.1.1.1}{\376\377\000M\000e\000t\000a\000-\000O\000b\000j\000e\000c\000t\000\040\000F\000a\000c\000i\000l\000i\000t\000y}{section.1.1}% 4
\BOOKMARK [2][-]{subsection.1.1.2}{\376\377\000C\000l\000a\000s\000s\000\040\000D\000i\000a\000g\000r\000a\000m\000s}{section.1.1}% 5
\BOOKMARK [2][-]{subsection.1.1.3}{\376\377\000O\000b\000j\000e\000c\000t\000\040\000D\000i\000a\000g\000r\000a\000m\000s}{section.1.1}% 6
\BOOKMARK [1][-]{section.1.2}{\376\377\000T\000h\000e\000\040\000O\000b\000j\000e\000c\000t\000\040\000C\000o\000n\000s\000t\000r\000a\000i\000n\000t\000\040\000L\000a\000n\000g\000u\000a\000g\000e}{chapter.1}% 7
\BOOKMARK [2][-]{subsection.1.2.1}{\376\377\000O\000C\000L\000\040\000b\000y\000\040\000e\000x\000a\000m\000p\000l\000e}{section.1.2}% 8
\BOOKMARK [2][-]{subsection.1.2.2}{\376\377\000O\000C\000L\000\040\000O\000p\000e\000r\000a\000t\000i\000o\000n\000s\000\040\000s\000u\000m\000m\000a\000r\000y}{section.1.2}% 9
\BOOKMARK [2][-]{subsection.1.2.3}{\376\377\000T\000y\000p\000i\000n\000g\000\040\000O\000C\000L\000\040\000E\000x\000p\000r\000e\000s\000s\000i\000o\000n\000s}{section.1.2}% 10
\BOOKMARK [2][-]{subsection.1.2.4}{\376\377\000O\000C\000L\000\040\000E\000x\000p\000r\000e\000s\000s\000i\000o\000n\000\040\000M\000e\000t\000a\000m\000o\000d\000e\000l}{section.1.2}% 11
\BOOKMARK [1][-]{section.1.3}{\376\377\000E\000M\000F\000\040\000a\000n\000d\000\040\000A\000T\000L\000:\000\040\000S\000t\000a\000t\000e\000-\000o\000f\000-\000t\000h\000e\000-\000A\000r\000t}{chapter.1}% 12
\BOOKMARK [2][-]{subsection.1.3.1}{\376\377\000E\000c\000l\000i\000p\000s\000e\000\040\000M\000o\000d\000e\000l\000i\000n\000g\000\040\000F\000r\000a\000m\000e\000w\000o\000r\000k}{section.1.3}% 13
\BOOKMARK [2][-]{subsection.1.3.2}{\376\377\000A\000t\000l\000a\000s\000\040\000T\000r\000a\000n\000s\000f\000o\000r\000m\000a\000t\000i\000o\000n\000\040\000L\000a\000n\000g\000u\000a\000g\000e}{section.1.3}% 14
\BOOKMARK [0][-]{chapter.2}{\376\377\000C\000o\000n\000s\000t\000r\000a\000i\000n\000\040\000P\000r\000o\000g\000r\000a\000m\000m\000i\000n\000g\000:\000\040\000a\000n\000\040\000e\000x\000a\000c\000t\000\040\000a\000n\000d\000\040\000e\000x\000p\000l\000a\000i\000n\000a\000b\000l\000e\000\040\000A\000r\000t\000i\000f\000i\000c\000i\000a\000l\000\040\000I\000n\000t\000e\000l\000l\000i\000g\000e\000n\000c\000e}{}% 15
\BOOKMARK [1][-]{section.2.1}{\376\377\000C\000o\000n\000s\000t\000r\000a\000i\000n\000t\000\040\000S\000a\000t\000i\000s\000f\000a\000c\000t\000i\000o\000n\000\040\000P\000r\000o\000b\000l\000e\000m\000s}{chapter.2}% 16
\BOOKMARK [1][-]{section.2.2}{\376\377\000G\000l\000o\000b\000a\000l\000\040\000C\000o\000n\000s\000t\000r\000a\000i\000n\000t\000s}{chapter.2}% 17
\BOOKMARK [2][-]{subsection.2.2.1}{\376\377\000G\000l\000o\000b\000a\000l\000\040\000C\000o\000n\000s\000t\000r\000a\000i\000n\000t\000s\000\040\000u\000s\000e\000d\000\040\000i\000n\000\040\000t\000h\000i\000s\000\040\000t\000h\000e\000s\000i\000s}{section.2.2}% 18
\BOOKMARK [2][-]{subsection.2.2.2}{\376\377\000P\000r\000o\000p\000a\000g\000a\000t\000i\000o\000n\000\040\000o\000f\000\040\000E\000l\000e\000m\000e\000n\000t}{section.2.2}% 19
\BOOKMARK [2][-]{subsection.2.2.3}{\376\377\000P\000r\000o\000p\000a\000g\000a\000t\000i\000o\000n\000\040\000o\000n\000\040\000b\000o\000o\000l\000e\000a\000n\000\040\000v\000a\000r\000i\000a\000b\000l\000e\000s\000\040\000a\000n\000d\000\040\000C\000N\000F\000\040\000m\000o\000d\000e\000l\000s}{section.2.2}% 20
\BOOKMARK [2][-]{subsection.2.2.4}{\376\377\000P\000r\000o\000p\000a\000g\000a\000t\000i\000o\000n\000\040\000o\000n\000\040\000r\000e\000a\000l\000\040\000v\000a\000r\000i\000a\000b\000l\000e\000s\000\040\000a\000n\000d\000\040\000s\000y\000s\000t\000e\000m\000s\000\040\000o\000f\000\040\000l\000i\000n\000e\000a\000r\000\040\000e\000q\000u\000a\000t\000i\000o\000n\000s}{section.2.2}% 21
\BOOKMARK [1][-]{section.2.3}{\376\377\000C\000P\000\040\000S\000o\000l\000v\000e\000r\000s}{chapter.2}% 22
\BOOKMARK [2][-]{subsection.2.3.1}{\376\377\000C\000h\000o\000c\000o\000\040\000\050\000a\000n\000d\000\040\000G\000e\000c\000o\000d\000e\000\040\000a\000n\000d\000\040\000O\000R\000-\000t\000o\000o\000l\000s\000\051}{section.2.3}% 23
\BOOKMARK [2][-]{subsection.2.3.2}{\376\377\000S\000W\000I\000-\000p\000r\000o\000l\000o\000g\000\040\000a\000n\000d\000\040\000E\000C\000L\000i\000P\000S\000e}{section.2.3}% 24
\BOOKMARK [2][-]{subsection.2.3.3}{\376\377\000S\000A\000T\0004\000j\000\040\000a\000n\000d\000\040\000C\000a\000s\000s\000o\000w\000a\000r\000y}{section.2.3}% 25
\BOOKMARK [0][-]{chapter.3}{\376\377\000M\000o\000d\000e\000l\000\040\000S\000e\000a\000r\000c\000h\000\040\000u\000s\000i\000n\000g\000\040\000A\000r\000t\000i\000f\000i\000c\000i\000a\000l\000\040\000I\000n\000t\000e\000l\000l\000i\000g\000e\000n\000c\000e\000:\000O\000b\000j\000e\000c\000t\000\040\000O\000r\000i\000e\000n\000t\000e\000d\000\040\000C\000o\000n\000s\000t\000r\000a\000i\000n\000t\000\040\000P\000r\000o\000g\000r\000a\000m\000m\000i\000n\000g}{}% 26
\BOOKMARK [1][-]{section.3.1}{\376\377\000M\000o\000d\000e\000l\000\040\000S\000e\000a\000r\000c\000h}{chapter.3}% 27
\BOOKMARK [2][-]{subsection.3.1.1}{\376\377\000M\000o\000d\000e\000l\000\040\000S\000e\000a\000r\000c\000h}{section.3.1}% 28
\BOOKMARK [2][-]{subsection.3.1.2}{\376\377\000A\000p\000p\000l\000i\000c\000a\000t\000i\000o\000n\000s\000\040\000o\000f\000\040\000M\000o\000d\000e\000l\000\040\000S\000e\000a\000r\000c\000h}{section.3.1}% 29
\BOOKMARK [1][-]{section.3.2}{\376\377\000S\000t\000a\000t\000e\000\040\000o\000f\000\040\000t\000h\000e\000\040\000A\000r\000t}{chapter.3}% 30
\BOOKMARK [2][-]{subsection.3.2.1}{\376\377\000A\000T\000L\000c}{section.3.2}% 31
\BOOKMARK [2][-]{subsection.3.2.2}{\376\377\000E\000M\000F\000t\000o\000C\000S\000P}{section.3.2}% 32
\BOOKMARK [2][-]{subsection.3.2.3}{\376\377\000A\000l\000l\000o\000y\000\040\000\046\000\040\000K\000o\000d\000k\000o\000d}{section.3.2}% 33
\BOOKMARK [0][-]{chapter.4}{\376\377\000C\000o\000n\000t\000r\000i\000b\000u\000t\000i\000o\000n\000\040\000:\000\040\000O\000C\000L\000\040\000V\000a\000r\000i\000a\000b\000l\000e\000\040\000D\000e\000c\000l\000a\000r\000a\000t\000i\000o\000n\000\040\000V\000a\000r\000O\000p\000e\000r\000a\000t\000i\000o\000n\000E\000x\000p\000r\000e\000s\000s\000i\000o\000n}{}% 34
\BOOKMARK [1][-]{section.4.1}{\376\377\000P\000r\000o\000b\000l\000e\000m}{chapter.4}% 35
\BOOKMARK [2][-]{subsection.4.1.1}{\376\377\000R\000e\000c\000o\000n\000f\000i\000g\000u\000r\000a\000b\000l\000e\000\040\000M\000a\000n\000u\000f\000a\000c\000t\000u\000r\000i\000n\000g\000\040\000S\000y\000s\000t\000e\000m\000s}{section.4.1}% 36
\BOOKMARK [1][-]{section.4.2}{\376\377\000D\000e\000n\000o\000t\000i\000n\000g\000\040\000V\000a\000r\000i\000a\000b\000l\000e\000s}{chapter.4}% 37
\BOOKMARK [2][-]{subsection.4.2.1}{\376\377\000B\000a\000s\000e\000\040\000S\000y\000n\000t\000a\000x}{section.4.2}% 38
\BOOKMARK [2][-]{subsection.4.2.2}{\376\377\000P\000a\000r\000a\000m\000e\000t\000e\000r\000s\000\040\000t\000o\000\040\000g\000u\000i\000d\000e\000\040\000m\000o\000d\000e\000l\000i\000n\000g\000\040\000a\000n\000d\000\040\000a\000n\000d\000\040\000s\000e\000a\000r\000c\000h}{section.4.2}% 39
\BOOKMARK [2][-]{subsection.4.2.3}{\376\377\000V\000o\000c\000a\000b\000u\000l\000a\000r\000y\000\040\000f\000o\000r\000\040\000A\000n\000n\000o\000t\000a\000t\000e\000d\000\040\000E\000x\000p\000r\000e\000s\000s\000i\000o\000n\000s}{section.4.2}% 40
\BOOKMARK [1][-]{section.4.3}{\376\377\000R\000e\000f\000a\000c\000t\000o\000r\000i\000n\000g\000\040\000O\000C\000L\000\040\000a\000r\000o\000u\000n\000d\000\040\000a\000n\000n\000o\000t\000a\000t\000i\000o\000n\000s}{chapter.4}% 41
\BOOKMARK [2][-]{subsection.4.3.1}{\376\377\000A\000n\000n\000o\000t\000a\000t\000i\000o\000n\000\040\000i\000n\000\040\000t\000h\000e\000\040\000O\000C\000L\000\040\000A\000b\000s\000t\000r\000a\000c\000t\000\040\000S\000y\000n\000t\000a\000x\000\040\000T\000r\000e\000e}{section.4.3}% 42
\BOOKMARK [2][-]{subsection.4.3.2}{\376\377\000R\000e\000f\000a\000c\000t\000o\000r\000i\000n\000g\000\040\000O\000C\000L\000\040\000A\000r\000o\000u\000n\000d\000\040\000A\000n\000n\000o\000t\000a\000t\000i\000o\000n\000s}{section.4.3}% 43
\BOOKMARK [1][-]{section.4.4}{\376\377\000D\000i\000s\000c\000u\000s\000s\000i\000o\000n\000s}{chapter.4}% 44
\BOOKMARK [0][-]{chapter.5}{\376\377\000C\000o\000n\000t\000r\000i\000b\000u\000t\000i\000o\000n\000\040\000:\000\040\000U\000M\000L\000\040\000C\000S\000P}{}% 45
\BOOKMARK [1][-]{section.5.1}{\376\377\000E\000n\000c\000o\000d\000i\000n\000g\000\040\000P\000r\000o\000p\000e\000r\000t\000i\000e\000s}{chapter.5}% 46
\BOOKMARK [2][-]{subsection.5.1.1}{\376\377\000A\000d\000d\000i\000t\000i\000o\000n\000a\000l\000\040\000e\000n\000u\000m\000e\000r\000a\000t\000e\000d\000\040\000e\000n\000c\000o\000d\000i\000n\000g\000\040\000f\000o\000r\000\040\000R\000e\000f\000e\000r\000e\000n\000c\000e\000s}{section.5.1}% 47
\BOOKMARK [1][-]{section.5.2}{\376\377\000C\000o\000n\000s\000t\000r\000a\000i\000n\000t\000\040\000M\000o\000d\000e\000l\000s\000\040\000f\000o\000r\000\040\000U\000M\000L\000\040\000R\000e\000f\000e\000r\000e\000n\000c\000e\000\040\000T\000y\000p\000e\000s}{chapter.5}% 48
\BOOKMARK [1][-]{section.5.3}{\376\377\000C\000o\000n\000s\000t\000r\000a\000i\000n\000t\000\040\000M\000o\000d\000e\000l\000s\000\040\000f\000o\000r\000\040\000U\000M\000L\000\040\000C\000o\000l\000l\000e\000c\000t\000i\000o\000n\000\040\000T\000y\000p\000e\000s}{chapter.5}% 49
\BOOKMARK [1][-]{section.5.4}{\376\377\000U\000s\000i\000n\000g\000\040\000i\000n\000f\000o\000r\000m\000a\000t\000i\000o\000n\000\040\000f\000r\000o\000m\000\040\000V\000a\000r\000i\000a\000b\000l\000e\000\040\000A\000n\000n\000o\000t\000a\000t\000i\000o\000n\000s}{chapter.5}% 50
\BOOKMARK [0][-]{chapter.6}{\376\377\000C\000o\000n\000t\000r\000i\000b\000u\000t\000i\000o\000n\000\040\000:\000\040\000O\000C\000L\000\040\000N\000a\000v\000i\000g\000a\000t\000i\000o\000n}{}% 51
\BOOKMARK [1][-]{section.6.1}{\376\377\000C\000P\000\040\000m\000o\000d\000e\000l\000\040\000f\000o\000r\000\040\000O\000C\000L\000\040\000q\000u\000e\000r\000i\000e\000s\000\040\000o\000n\000\040\000t\000h\000e\000\040\000i\000n\000s\000t\000a\000n\000c\000e}{chapter.6}% 52
\BOOKMARK [1][-]{section.6.2}{\376\377\000N\000a\000v\000C\000S\000P\000\040\000e\000x\000p\000e\000r\000i\000m\000e\000n\000t\000a\000t\000i\000o\000n}{chapter.6}% 53
\BOOKMARK [0][-]{chapter.7}{\376\377\000C\000o\000n\000t\000r\000i\000b\000u\000t\000i\000o\000n\000\040\000:\000\040\000O\000C\000L\000\040\000C\000S\000P}{}% 54
\BOOKMARK [1][-]{section.7.1}{\376\377\000C\000P\000\040\000M\000o\000d\000e\000l\000s\000\040\000f\000o\000r\000\040\000O\000C\000L\000\040\000I\000n\000t\000e\000g\000e\000r\000\040\000a\000n\000d\000\040\000B\000o\000o\000l\000e\000a\000n\000\040\000O\000p\000e\000r\000a\000t\000i\000o\000n\000s}{chapter.7}% 55
\BOOKMARK [2][-]{subsection.7.1.1}{\376\377\0003\000-\000v\000a\000l\000u\000e\000d\000\040\000l\000o\000g\000i\000c\000\040\000o\000f\000\040\000v\000a\000l\000i\000d\000\040\000O\000C\000L}{section.7.1}% 56
\BOOKMARK [2][-]{subsection.7.1.2}{\376\377\000P\000r\000o\000p\000e\000r\000t\000y\000\040\000e\000n\000c\000o\000d\000i\000n\000g\000\040\000t\000o\000\040\0003\000-\000v\000a\000l\000u\000e\000d\000\040\000l\000o\000g\000i\000c\000\040\000f\000o\000r\000\040\000o\000p\000t\000i\000o\000n\000a\000l\000\040\000B\000o\000o\000l\000e\000a\000n\000s}{section.7.1}% 57
\BOOKMARK [2][-]{subsection.7.1.3}{\376\377\000A\000r\000i\000t\000h\000m\000e\000t\000i\000c\000\040\000w\000i\000t\000h\000\040\000m\000i\000s\000s\000i\000n\000g\000\040\000v\000a\000l\000u\000e\000s}{section.7.1}% 58
\BOOKMARK [1][-]{section.7.2}{\376\377\000C\000P\000\040\000M\000o\000d\000e\000l\000s\000\040\000f\000o\000r\000\040\000O\000C\000L\000\040\000C\000o\000l\000l\000e\000c\000t\000i\000o\000n\000\040\000t\000o\000\040\000I\000n\000t\000\040\000O\000p\000e\000r\000a\000t\000i\000o\000n\000s}{chapter.7}% 59
\BOOKMARK [2][-]{subsection.7.2.1}{\376\377\000s\000i\000z\000e\000\050\000\051}{section.7.2}% 60
\BOOKMARK [2][-]{subsection.7.2.2}{\376\377\000s\000u\000m\000\050\000\051}{section.7.2}% 61
\BOOKMARK [2][-]{subsection.7.2.3}{\376\377\000c\000o\000u\000n\000t\000\050\000\051}{section.7.2}% 62
\BOOKMARK [2][-]{subsection.7.2.4}{\376\377\000m\000a\000x\000\050\000\051}{section.7.2}% 63
\BOOKMARK [2][-]{subsection.7.2.5}{\376\377\000m\000i\000n\000\050\000\051}{section.7.2}% 64
\BOOKMARK [1][-]{section.7.3}{\376\377\000C\000P\000\040\000M\000o\000d\000e\000l\000s\000\040\000f\000o\000r\000\040\000O\000C\000L\000\040\000C\000o\000l\000l\000e\000c\000t\000i\000o\000n\000\040\000t\000o\000\040\000B\000o\000o\000l\000\040\000O\000p\000e\000r\000a\000t\000i\000o\000n\000s}{chapter.7}% 65
\BOOKMARK [2][-]{subsection.7.3.1}{\376\377\000e\000q\000u\000a\000l\000s\000\040\000a\000n\000d\000\040\000d\000i\000f\000f\000e\000r\000e\000n\000t}{section.7.3}% 66
\BOOKMARK [2][-]{subsection.7.3.2}{\376\377\000i\000n\000c\000l\000u\000d\000e\000s\000\050\000e\000\051}{section.7.3}% 67
\BOOKMARK [2][-]{subsection.7.3.3}{\376\377\000e\000x\000c\000l\000u\000d\000e\000s\000\050\000e\000\051}{section.7.3}% 68
\BOOKMARK [2][-]{subsection.7.3.4}{\376\377\000i\000n\000c\000l\000u\000d\000e\000s\000A\000l\000l\000\050\000e\000\051}{section.7.3}% 69
\BOOKMARK [2][-]{subsection.7.3.5}{\376\377\000e\000x\000c\000l\000u\000d\000e\000s\000A\000l\000l\000\050\000e\000\051}{section.7.3}% 70
\BOOKMARK [2][-]{subsection.7.3.6}{\376\377\000i\000s\000E\000m\000p\000t\000y\000\050\000\051}{section.7.3}% 71
\BOOKMARK [2][-]{subsection.7.3.7}{\376\377\000n\000o\000t\000E\000m\000p\000t\000y\000\050\000\051}{section.7.3}% 72
\BOOKMARK [2][-]{subsection.7.3.8}{\376\377\000f\000o\000r\000a\000l\000l\000\050\000e\000x\000p\000\051}{section.7.3}% 73
\BOOKMARK [2][-]{subsection.7.3.9}{\376\377\000e\000x\000i\000s\000t\000s\000\050\000e\000x\000p\000\051}{section.7.3}% 74
\BOOKMARK [2][-]{subsection.7.3.10}{\376\377\000o\000n\000e\000\050\000e\000x\000p\000\051}{section.7.3}% 75
\BOOKMARK [2][-]{subsection.7.3.11}{\376\377\000I\000t\000e\000r\000a\000t\000i\000n\000g\000\040\000w\000i\000t\000h\000\040\000p\000r\000e\000d\000i\000c\000a\000t\000e\000s}{section.7.3}% 76
\BOOKMARK [1][-]{section.7.4}{\376\377\000C\000P\000\040\000M\000o\000d\000e\000l\000s\000\040\000f\000o\000r\000\040\000O\000C\000L\000\040\000C\000o\000l\000l\000e\000c\000t\000i\000o\000n\000\040\000O\000p\000e\000r\000a\000t\000i\000o\000n\000s}{chapter.7}% 77
\BOOKMARK [2][-]{subsection.7.4.1}{\376\377\000s\000e\000l\000e\000c\000t\000\050\000e\000x\000p\000\051}{section.7.4}% 78
\BOOKMARK [2][-]{subsection.7.4.2}{\376\377\000r\000e\000j\000e\000c\000t\000\050\000e\000x\000p\000\051}{section.7.4}% 79
\BOOKMARK [2][-]{subsection.7.4.3}{\376\377\000s\000o\000r\000t\000e\000d\000B\000y\000\050\000e\000x\000p\000\051}{section.7.4}% 80
\BOOKMARK [2][-]{subsection.7.4.4}{\376\377\000a\000n\000y\000\050\000\051}{section.7.4}% 81
\BOOKMARK [1][-]{section.7.5}{\376\377\000C\000P\000\040\000M\000o\000d\000e\000l\000s\000\040\000f\000o\000r\000\040\000O\000C\000L\000\040\000C\000o\000l\000l\000e\000c\000t\000i\000o\000n\000\040\000T\000y\000p\000e\000\040\000C\000a\000s\000t\000i\000n\000g\000\040\000O\000p\000e\000r\000a\000t\000i\000o\000n\000s}{chapter.7}% 82
\BOOKMARK [2][-]{subsection.7.5.1}{\376\377\000a\000s\000B\000a\000g\000\050\000\051}{section.7.5}% 83
\BOOKMARK [2][-]{subsection.7.5.2}{\376\377\000a\000s\000S\000e\000t\000\050\000\051}{section.7.5}% 84
\BOOKMARK [2][-]{subsection.7.5.3}{\376\377\000a\000s\000S\000e\000q\000u\000e\000n\000c\000e\000\050\000\051}{section.7.5}% 85
\BOOKMARK [2][-]{subsection.7.5.4}{\376\377\000a\000s\000O\000r\000d\000e\000r\000e\000d\000S\000e\000t\000\050\000\051}{section.7.5}% 86
\BOOKMARK [2][-]{subsection.7.5.5}{\376\377\000F\000i\000l\000t\000e\000r\000i\000n\000g\000\040\000D\000u\000m\000m\000y\000\040\000V\000a\000l\000u\000e\000s\000\040\000i\000n\000\040\000O\000C\000L\000\040\000C\000o\000l\000l\000e\000c\000t\000i\000o\000n\000\040\000O\000p\000e\000r\000a\000t\000i\000o\000n\000s}{section.7.5}% 87
\BOOKMARK [1][-]{section.7.6}{\376\377\000C\000P\000\040\000M\000o\000d\000e\000l\000s\000\040\000f\000o\000r\000\040\000O\000C\000L\000\040\000S\000e\000q\000u\000e\000n\000c\000e\000\040\000a\000n\000d\000\040\000O\000r\000d\000e\000r\000e\000d\000\040\000S\000e\000t\000\040\000O\000p\000e\000r\000a\000t\000i\000o\000n\000s}{chapter.7}% 88
\BOOKMARK [2][-]{subsection.7.6.1}{\376\377\000s\000r\000c\000.\000p\000r\000e\000p\000e\000n\000d\000\050\000e\000\051}{section.7.6}% 89
\BOOKMARK [2][-]{subsection.7.6.2}{\376\377\000s\000r\000c\000.\000a\000p\000p\000e\000n\000d\000\050\000e\000\051}{section.7.6}% 90
\BOOKMARK [2][-]{subsection.7.6.3}{\376\377\000s\000r\000c\000.\000i\000n\000s\000e\000r\000t\000A\000t\000\050\000i\000,\000e\000\051}{section.7.6}% 91
\BOOKMARK [2][-]{subsection.7.6.4}{\376\377\000s\000r\000c\000.\000s\000u\000b\000S\000e\000q\000u\000e\000n\000c\000e\000\050\000s\000,\000f\000\051}{section.7.6}% 92
\BOOKMARK [2][-]{subsection.7.6.5}{\376\377\000s\000r\000c\000.\000a\000t\000\050\000p\000\051}{section.7.6}% 93
\BOOKMARK [2][-]{subsection.7.6.6}{\376\377\000s\000r\000c\000.\000i\000n\000d\000e\000x\000O\000f\000\050\000p\000\051}{section.7.6}% 94
\BOOKMARK [2][-]{subsection.7.6.7}{\376\377\000s\000r\000c\000.\000f\000i\000r\000s\000t\000\050\000\051}{section.7.6}% 95
\BOOKMARK [2][-]{subsection.7.6.8}{\376\377\000s\000r\000c\000.\000l\000a\000s\000t\000\050\000\051}{section.7.6}% 96
\BOOKMARK [2][-]{subsection.7.6.9}{\376\377\000s\000r\000c\000.\000r\000e\000v\000e\000r\000s\000e\000\050\000\051}{section.7.6}% 97
\BOOKMARK [1][-]{section.7.7}{\376\377\000C\000P\000\040\000M\000o\000d\000e\000l\000s\000\040\000f\000o\000r\000\040\000O\000C\000L\000\040\000S\000e\000t\000\040\000O\000p\000e\000r\000a\000t\000i\000o\000n\000s}{chapter.7}% 98
\BOOKMARK [2][-]{subsection.7.7.1}{\376\377\000u\000n\000i\000o\000n\000\050\000e\000x\000p\000\051}{section.7.7}% 99
\BOOKMARK [2][-]{subsection.7.7.2}{\376\377\000I\000n\000t\000e\000r\000s\000e\000c\000t\000i\000o\000n}{section.7.7}% 100
\BOOKMARK [2][-]{subsection.7.7.3}{\376\377\000s\000e\000t\000\040\000-\000\040\000s\000e\000t}{section.7.7}% 101
\BOOKMARK [2][-]{subsection.7.7.4}{\376\377\000S\000y\000m\000m\000e\000t\000r\000i\000c\000\040\000D\000i\000f\000f\000e\000r\000e\000n\000c\000e}{section.7.7}% 102
\BOOKMARK [2][-]{subsection.7.7.5}{\376\377\000i\000n\000c\000l\000u\000d\000i\000n\000g}{section.7.7}% 103
\BOOKMARK [2][-]{subsection.7.7.6}{\376\377\000e\000x\000c\000l\000u\000d\000i\000n\000g}{section.7.7}% 104
\BOOKMARK [1][-]{section.7.8}{\376\377\000C\000P\000\040\000M\000o\000d\000e\000l\000s\000\040\000f\000o\000r\000\040\000O\000C\000L\000\040\000B\000a\000g\000\040\000O\000p\000e\000r\000a\000t\000i\000o\000n\000s}{chapter.7}% 105
\BOOKMARK [1][-]{section.7.9}{\376\377\000C\000P\000\040\000M\000o\000d\000e\000l\000s\000\040\000f\000o\000r\000\040\000C\000l\000a\000s\000s\000\040\000F\000u\000n\000c\000t\000i\000o\000n\000s\000\040\000a\000n\000d\000\040\000G\000l\000o\000b\000a\000l\000\040\000F\000u\000n\000c\000t\000i\000o\000n\000s}{chapter.7}% 106
\BOOKMARK [0][-]{chapter*.47}{\376\377\000C\000o\000n\000c\000l\000u\000s\000i\000o\000n}{}% 107
\BOOKMARK [1][-]{section*.48}{\376\377\000P\000r\000e\000m\000i\000\350\000r\000e\000\040\000s\000e\000c\000t\000i\000o\000n\000\040\000d\000e\000\040\000l\000'\000i\000n\000t\000r\000o}{chapter*.47}% 108
\BOOKMARK [0][-]{section*.49}{\376\377\000B\000i\000b\000l\000i\000o\000g\000r\000a\000p\000h\000y}{}% 109
